0 info it worked if it ends with ok
1 verbose cli [ 'C:\\Program Files\\nodejs\\node.exe',
1 verbose cli   'C:\\Program Files\\nodejs\\node_modules\\npm\\bin\\npm-cli.js',
1 verbose cli   'start' ]
2 info using npm@3.10.9
3 info using node@v6.9.2
4 verbose run-script [ 'prestart', 'start', 'poststart' ]
5 info lifecycle ionic2@~prestart: ionic2@
6 silly lifecycle ionic2@~prestart: no script for prestart, continuing
7 info lifecycle ionic2@~start: ionic2@
8 verbose lifecycle ionic2@~start: unsafe-perm in lifecycle true
9 verbose lifecycle ionic2@~start: PATH: C:\Program Files\nodejs\node_modules\npm\bin\node-gyp-bin;E:\Project\GitProject\ionic2-project\node_modules\.bin;D:\cmder\bin;D:\cmder\vendor\conemu-maximus5\ConEmu\Scripts;D:\cmder\vendor\conemu-maximus5;D:\cmder\vendor\conemu-maximus5\ConEmu;C:\ProgramData\Oracle\Java\javapath;C:\Windows\system32;C:\Windows;C:\Windows\System32\Wbem;C:\Windows\System32\WindowsPowerShell\v1.0\;C:\Program Files (x86)\ATI Technologies\ATI.ACE\Core-Static;C:\Program Files\TortoiseSVN\bin;C:\Program Files\nodejs\;%USERPROFILE%\.dnx\bin;C:\Program Files\Microsoft DNX\Dnvm\;C:\Program Files (x86)\Windows Kits\8.1\Windows Performance Toolkit\;C:\Program Files\Microsoft SQL Server\120\Tools\Binn\;C:\Program Files\Microsoft SQL Server\130\Tools\Binn\;C:\Program Files\Git\cmd;D:\Program Files\android-sdk\tools;D:\Program Files\android-sdk\platform-tools;D:\Program Files\apache-ant-1.9.4\bin;C:\Ruby23-x64\bin;C:\Users\ruanj\AppData\Roaming\npm;C:\Program Files\Java\jdk1.8.0_25\bin;C:\Program Files\Java\jdk1.8.0_25\jre\bin;C:\Program Files\Git\usr\bin;C:\Program Files\Git\usr\share\vim\vim74;D:\cmder\
10 verbose lifecycle ionic2@~start: CWD: E:\Project\GitProject\ionic2-project
11 silly lifecycle ionic2@~start: Args: [ '/d /s /c',
11 silly lifecycle   'webpack-dev-server --hot --inline --progress --port 8080' ]
12 silly lifecycle ionic2@~start: Returned: code: 3221225786  signal: null
13 info lifecycle ionic2@~start: Failed to exec start script
14 verbose stack Error: ionic2@ start: `webpack-dev-server --hot --inline --progress --port 8080`
14 verbose stack Exit status 3221225786
14 verbose stack     at EventEmitter.<anonymous> (C:\Program Files\nodejs\node_modules\npm\lib\utils\lifecycle.js:255:16)
14 verbose stack     at emitTwo (events.js:106:13)
14 verbose stack     at EventEmitter.emit (events.js:191:7)
14 verbose stack     at ChildProcess.<anonymous> (C:\Program Files\nodejs\node_modules\npm\lib\utils\spawn.js:40:14)
14 verbose stack     at emitTwo (events.js:106:13)
14 verbose stack     at ChildProcess.emit (events.js:191:7)
14 verbose stack     at maybeClose (internal/child_process.js:877:16)
14 verbose stack     at Process.ChildProcess._handle.onexit (internal/child_process.js:226:5)
15 verbose pkgid ionic2@
16 verbose cwd E:\Project\GitProject\ionic2-project
17 error Windows_NT 10.0.10586
18 error argv "C:\\Program Files\\nodejs\\node.exe" "C:\\Program Files\\nodejs\\node_modules\\npm\\bin\\npm-cli.js" "start"
19 error node v6.9.2
20 error npm  v3.10.9
21 error code ELIFECYCLE
22 error ionic2@ start: `webpack-dev-server --hot --inline --progress --port 8080`
22 error Exit status 3221225786
23 error Failed at the ionic2@ start script 'webpack-dev-server --hot --inline --progress --port 8080'.
23 error Make sure you have the latest version of node.js and npm installed.
23 error If you do, this is most likely a problem with the ionic2 package,
23 error not with npm itself.
23 error Tell the author that this fails on your system:
23 error     webpack-dev-server --hot --inline --progress --port 8080
23 error You can get information on how to open an issue for this project with:
23 error     npm bugs ionic2
23 error Or if that isn't available, you can get their info via:
23 error     npm owner ls ionic2
23 error There is likely additional logging output above.
24 verbose exit [ 1, true ]
